  Panorama.cpp
Panorama.cpp(89): warning C4267: '=': conversión de 'size_t' a 'int'; posible pérdida de datos
Panorama.cpp(103): warning C4267: '=': conversión de 'size_t' a 'int'; posible pérdida de datos
Panorama.cpp(125): warning C4267: '=': conversión de 'size_t' a 'int'; posible pérdida de datos
Panorama.cpp(202): warning C4267: 'inicializando': conversión de 'size_t' a 'int'; posible pérdida de datos
Panorama.cpp(202): warning C4101: 'numInlines': variable local sin referencia
Panorama.cpp(442): warning C4267: 'inicializando': conversión de 'size_t' a 'int'; posible pérdida de datos
Panorama.cpp(475): warning C4267: 'inicializando': conversión de 'size_t' a 'int'; posible pérdida de datos
Panorama.cpp(496): warning C4244: 'inicializando': conversión de 'float' a 'int'; posible pérdida de datos
Panorama.cpp(497): warning C4244: 'inicializando': conversión de 'float' a 'int'; posible pérdida de datos
Panorama.cpp(537): warning C4267: 'inicializando': conversión de 'size_t' a 'int'; posible pérdida de datos
Panorama.cpp(555): warning C4267: '=': conversión de 'size_t' a 'int'; posible pérdida de datos
Panorama.cpp(568): warning C4267: '=': conversión de 'size_t' a 'int'; posible pérdida de datos
Panorama.cpp(581): warning C4267: '=': conversión de 'size_t' a 'int'; posible pérdida de datos
  Generando código
  14 of 651 functions ( 2.2%) were compiled, the rest were copied from previous compilation.
    0 functions were new in current compilation
    3 functions had inline decision re-evaluated but remain unchanged
  Generación de código finalizada
  ConsoleApplication3.vcxproj -> C:\Users\javi-\Documents\Visual Studio 2015\Projects\ConsoleApplication3\x64\Release\ComputerVision.exe
  ConsoleApplication3.vcxproj -> C:\Users\javi-\Documents\Visual Studio 2015\Projects\ConsoleApplication3\x64\Release\ComputerVision.pdb (Full PDB)
